<?xml version="1.0" encoding="UTF-8"?>
<testsuite xmlns:xsi="http://www.w3.org/2001/XMLSchema-instance" xsi:noNamespaceSchemaLocation="https://maven.apache.org/surefire/maven-surefire-plugin/xsd/surefire-test-report-3.0.xsd" version="3.0" name="com.signatureapp.SignatureAppApplicationTests" time="17.234" tests="1" errors="0" skipped="0" failures="0">
  <properties>
[...]
</properties>
  <testcase name="contextLoads" classname="com.signatureapp.SignatureAppApplicationTests" time="0.718">
    <system-out><![CDATA[12:53:24.650 [main] INFO org.springframework.test.context.support.AnnotationConfigContextLoaderUtils -- Could not detect default configuration classes for test class [com.signatureapp.SignatureAppApplicationTests]: SignatureAppApplicationTests does not declare any static, non-private, non-final, nested classes annotated with @Configuration.
12:53:24.823 [main] INFO org.springframework.boot.test.context.SpringBootTestContextBootstrapper -- Found @SpringBootConfiguration com.signatureapp.SignatureAppApplication for test class com.signatureapp.SignatureAppApplicationTests

  .   ____          _            __ _ _
 /\\ / ___'_ __ _ _(_)_ __  __ _ \ \ \ \
( ( )\___ | '_ | '_| | '_ \/ _` | \ \ \ \
 \\/  ___)| |_)| | | | | || (_| |  ) ) ) )
  '  |____| .__|_| |_|_| |_\__, | / / / /
 =========|_|==============|___/=/_/_/_/
 :: Spring Boot ::                (v3.2.5)

2026-06-23T12:53:25.513+05:30  WARN 27128 --- [           main] ory$DuplicateJsonObjectContextCustomizer : 

Found multiple occurrences of org.json.JSONObject on the class path:

	jar:file:/C:/Users/Asus/.m2/repository/com/vaadin/external/google/android-json/0.0.20131108.vaadin1/android-json-0.0.20131108.vaadin1.jar!/org/json/JSONObject.class
	jar:file:/C:/Users/Asus/.m2/repository/org/json/json/20180130/json-20180130.jar!/org/json/JSONObject.class

You may wish to exclude one of them to ensure predictable runtime behavior

2026-06-23T12:53:25.542+05:30  INFO 27128 --- [           main] c.s.SignatureAppApplicationTests         : Starting SignatureAppApplicationTests using Java 17.0.12 with PID 27128 (started by Asus in C:\internship projects\signature-app)
2026-06-23T12:53:25.543+05:30 DEBUG 27128 --- [           main] c.s.SignatureAppApplicationTests         : Running with Spring Boot v3.2.5, Spring v6.1.6
2026-06-23T12:53:25.544+05:30  INFO 27128 --- [           main] c.s.SignatureAppApplicationTests         : No active profile set, falling back to 1 default profile: "default"
2026-06-23T12:53:27.796+05:30  INFO 27128 --- [           main] .s.d.r.c.RepositoryConfigurationDelegate : Bootstrapping Spring Data JPA repositories in DEFAULT mode.
2026-06-23T12:53:27.935+05:30  INFO 27128 --- [           main] .s.d.r.c.RepositoryConfigurationDelegate : Finished Spring Data repository scanning in 119 ms. Found 4 JPA repository interfaces.
2026-06-23T12:53:30.015+05:30  INFO 27128 --- [           main] o.hibernate.jpa.internal.util.LogHelper  : HHH000204: Processing PersistenceUnitInfo [name: default]
2026-06-23T12:53:30.413+05:30  INFO 27128 --- [           main] org.hibernate.Version                    : HHH000412: Hibernate ORM core version 6.4.4.Final
2026-06-23T12:53:30.502+05:30  INFO 27128 --- [           main] o.h.c.internal.RegionFactoryInitiator    : HHH000026: Second-level cache disabled
2026-06-23T12:53:30.984+05:30  INFO 27128 --- [           main] o.s.o.j.p.SpringPersistenceUnitInfo      : No LoadTimeWeaver setup: ignoring JPA class transformer
2026-06-23T12:53:31.032+05:30  INFO 27128 --- [           main] com.zaxxer.hikari.HikariDataSource       : HikariPool-1 - Starting...
2026-06-23T12:53:31.321+05:30  INFO 27128 --- [           main] com.zaxxer.hikari.pool.HikariPool        : HikariPool-1 - Added connection conn0: url=jdbc:h2:mem:testdb user=SA
2026-06-23T12:53:31.324+05:30  INFO 27128 --- [           main] com.zaxxer.hikari.HikariDataSource       : HikariPool-1 - Start completed.
2026-06-23T12:53:31.395+05:30  WARN 27128 --- [           main] org.hibernate.orm.deprecation            : HHH90000025: H2Dialect does not need to be specified explicitly using 'hibernate.dialect' (remove the property setting and it will be selected by default)
2026-06-23T12:53:33.083+05:30  INFO 27128 --- [           main] o.h.e.t.j.p.i.JtaPlatformInitiator       : HHH000489: No JTA platform available (set 'hibernate.transaction.jta.platform' to enable JTA platform integration)
2026-06-23T12:53:33.113+05:30 DEBUG 27128 --- [           main] org.hibernate.SQL                        : 
    drop table if exists audit_logs cascade 
Hibernate: 
    drop table if exists audit_logs cascade 
2026-06-23T12:53:33.121+05:30 DEBUG 27128 --- [           main] org.hibernate.SQL                        : 
    drop table if exists documents cascade 
Hibernate: 
    drop table if exists documents cascade 
2026-06-23T12:53:33.122+05:30 DEBUG 27128 --- [           main] org.hibernate.SQL                        : 
    drop table if exists signatures cascade 
Hibernate: 
    drop table if exists signatures cascade 
2026-06-23T12:53:33.123+05:30 DEBUG 27128 --- [           main] org.hibernate.SQL                        : 
    drop table if exists users cascade 
Hibernate: 
    drop table if exists users cascade 
2026-06-23T12:53:33.136+05:30 DEBUG 27128 --- [           main] org.hibernate.SQL                        : 
    create table audit_logs (
        document_id bigint not null,
        id bigint generated by default as identity,
        timestamp timestamp(6) not null,
        user_id bigint,
        action varchar(255) not null check (action in ('DOCUMENT_UPLOADED','DOCUMENT_VIEWED','DOCUMENT_DOWNLOADED','SIGNATURE_PLACED','SIGNATURE_SIGNED','SIGNATURE_REJECTED','SIGNED_PDF_GENERATED','SIGNING_LINK_GENERATED','SIGNING_LINK_ACCESSED','DOCUMENT_DELETED','USER_REGISTERED','USER_LOGIN')),
        actor_email varchar(255),
        actor_name varchar(255),
        details TEXT,
        ip_address varchar(255),
        user_agent varchar(255),
        primary key (id)
    )
Hibernate: 
    create table audit_logs (
        document_id bigint not null,
        id bigint generated by default as identity,
        timestamp timestamp(6) not null,
        user_id bigint,
        action varchar(255) not null check (action in ('DOCUMENT_UPLOADED','DOCUMENT_VIEWED','DOCUMENT_DOWNLOADED','SIGNATURE_PLACED','SIGNATURE_SIGNED','SIGNATURE_REJECTED','SIGNED_PDF_GENERATED','SIGNING_LINK_GENERATED','SIGNING_LINK_ACCESSED','DOCUMENT_DELETED','USER_REGISTERED','USER_LOGIN')),
        actor_email varchar(255),
        actor_name varchar(255),
        details TEXT,
        ip_address varchar(255),
        user_agent varchar(255),
        primary key (id)
    )
2026-06-23T12:53:33.159+05:30 DEBUG 27128 --- [           main] org.hibernate.SQL                        : 
    create table documents (
        created_at timestamp(6),
        file_size bigint not null,
        id bigint generated by default as identity,
        owner_id bigint not null,
        signing_token_expiry timestamp(6),
        updated_at timestamp(6),
        file_path varchar(255) not null,
        original_file_name varchar(255) not null,
        signed_file_path varchar(255),
        signing_token varchar(255) unique,
        status varchar(255) not null check (status in ('PENDING','SIGNED','REJECTED','EXPIRED')),
        stored_file_name varchar(255) not null,
        title varchar(255) not null,
        primary key (id)
    )
Hibernate: 
    create table documents (
        created_at timestamp(6),
        file_size bigint not null,
        id bigint generated by default as identity,
        owner_id bigint not null,
        signing_token_expiry timestamp(6),
        updated_at timestamp(6),
        file_path varchar(255) not null,
        original_file_name varchar(255) not null,
        signed_file_path varchar(255),
        signing_token varchar(255) unique,
        status varchar(255) not null check (status in ('PENDING','SIGNED','REJECTED','EXPIRED')),
        stored_file_name varchar(255) not null,
        title varchar(255) not null,
        primary key (id)
    )
2026-06-23T12:53:33.165+05:30 DEBUG 27128 --- [           main] org.hibernate.SQL                        : 
    create table signatures (
        height float(24),
        page_number integer not null,
        width float(24),
        x_coordinate float(24) not null,
        y_coordinate float(24) not null,
        created_at timestamp(6),
        document_id bigint not null,
        id bigint generated by default as identity,
        signed_at timestamp(6),
        signer_id bigint,
        updated_at timestamp(6),
        rejection_reason varchar(255),
        signature_data TEXT,
        signature_type varchar(255),
        signer_email varchar(255) not null,
        signer_ip_address varchar(255),
        signer_name varchar(255) not null,
        status varchar(255) not null check (status in ('PENDING','SIGNED','REJECTED')),
        primary key (id)
    )
Hibernate: 
    create table signatures (
        height float(24),
        page_number integer not null,
        width float(24),
        x_coordinate float(24) not null,
        y_coordinate float(24) not null,
        created_at timestamp(6),
        document_id bigint not null,
        id bigint generated by default as identity,
        signed_at timestamp(6),
        signer_id bigint,
        updated_at timestamp(6),
        rejection_reason varchar(255),
        signature_data TEXT,
        signature_type varchar(255),
        signer_email varchar(255) not null,
        signer_ip_address varchar(255),
        signer_name varchar(255) not null,
        status varchar(255) not null check (status in ('PENDING','SIGNED','REJECTED')),
        primary key (id)
    )
2026-06-23T12:53:33.170+05:30 DEBUG 27128 --- [           main] org.hibernate.SQL                        : 
    create table users (
        is_active boolean not null,
        created_at timestamp(6),
        id bigint generated by default as identity,
        updated_at timestamp(6),
        name varchar(100) not null,
        email varchar(150) not null unique,
        password varchar(255) not null,
        role varchar(255) not null check (role in ('USER','ADMIN')),
        primary key (id)
    )
Hibernate: 
    create table users (
        is_active boolean not null,
        created_at timestamp(6),
        id bigint generated by default as identity,
        updated_at timestamp(6),
        name varchar(100) not null,
        email varchar(150) not null unique,
        password varchar(255) not null,
        role varchar(255) not null check (role in ('USER','ADMIN')),
        primary key (id)
    )
2026-06-23T12:53:33.173+05:30 DEBUG 27128 --- [           main] org.hibernate.SQL                        : 
    alter table if exists audit_logs 
       add constraint FKd68ggaet4dvmk182mqlcsri9b 
       foreign key (document_id) 
       references documents
Hibernate: 
    alter table if exists audit_logs 
       add constraint FKd68ggaet4dvmk182mqlcsri9b 
       foreign key (document_id) 
       references documents
2026-06-23T12:53:33.185+05:30 DEBUG 27128 --- [           main] org.hibernate.SQL                        : 
    alter table if exists audit_logs 
       add constraint FKjs4iimve3y0xssbtve5ysyef0 
       foreign key (user_id) 
       references users
Hibernate: 
    alter table if exists audit_logs 
       add constraint FKjs4iimve3y0xssbtve5ysyef0 
       foreign key (user_id) 
       references users
2026-06-23T12:53:33.188+05:30 DEBUG 27128 --- [           main] org.hibernate.SQL                        : 
    alter table if exists documents 
       add constraint FKoduxo6gl9tkyx39jo5kue60bq 
       foreign key (owner_id) 
       references users
Hibernate: 
    alter table if exists documents 
       add constraint FKoduxo6gl9tkyx39jo5kue60bq 
       foreign key (owner_id) 
       references users
2026-06-23T12:53:33.190+05:30 DEBUG 27128 --- [           main] org.hibernate.SQL                        : 
    alter table if exists signatures 
       add constraint FK7h3u1gbbulfoe5x33ao8hvfvw 
       foreign key (document_id) 
       references documents
Hibernate: 
    alter table if exists signatures 
       add constraint FK7h3u1gbbulfoe5x33ao8hvfvw 
       foreign key (document_id) 
       references documents
2026-06-23T12:53:33.192+05:30 DEBUG 27128 --- [           main] org.hibernate.SQL                        : 
    alter table if exists signatures 
       add constraint FK1c7iqa1w42w6vfcdlsp1c4l8r 
       foreign key (signer_id) 
       references users
Hibernate: 
    alter table if exists signatures 
       add constraint FK1c7iqa1w42w6vfcdlsp1c4l8r 
       foreign key (signer_id) 
       references users
2026-06-23T12:53:33.203+05:30  INFO 27128 --- [           main] j.LocalContainerEntityManagerFactoryBean : Initialized JPA EntityManagerFactory for persistence unit 'default'
2026-06-23T12:53:33.241+05:30  INFO 27128 --- [           main] c.signatureapp.config.FileStorageConfig  : Upload directory ready: C:\internship projects\signature-app\test-uploads
2026-06-23T12:53:33.242+05:30  INFO 27128 --- [           main] c.signatureapp.config.FileStorageConfig  : Signed PDF directory ready: C:\internship projects\signature-app\test-uploads\signed
2026-06-23T12:53:35.214+05:30  INFO 27128 --- [           main] o.s.d.j.r.query.QueryEnhancerFactory     : Hibernate is in classpath; If applicable, HQL parser will be used.
2026-06-23T12:53:39.084+05:30  INFO 27128 --- [           main] o.s.b.a.e.web.EndpointLinksResolver      : Exposing 1 endpoint(s) beneath base path '/actuator'
2026-06-23T12:53:39.286+05:30  INFO 27128 --- [           main] o.s.s.web.DefaultSecurityFilterChain     : Will secure any request with [org.springframework.security.web.session.DisableEncodeUrlFilter@7572c6dd, org.springframework.security.web.context.request.async.WebAsyncManagerIntegrationFilter@d8194cc, org.springframework.security.web.context.SecurityContextHolderFilter@469dfbf7, org.springframework.security.web.header.HeaderWriterFilter@3249c81a, org.springframework.web.filter.CorsFilter@6389e793, org.springframework.security.web.authentication.logout.LogoutFilter@ace257b, com.signatureapp.security.JwtAuthFilter@6f28a07e, org.springframework.security.web.savedrequest.RequestCacheAwareFilter@167e559c, org.springframework.security.web.servletapi.SecurityContextHolderAwareRequestFilter@1e35e4d9, org.springframework.security.web.authentication.AnonymousAuthenticationFilter@284d1c98, org.springframework.security.web.session.SessionManagementFilter@213488e6, org.springframework.security.web.access.ExceptionTranslationFilter@47c5ad11, org.springframework.security.web.access.intercept.AuthorizationFilter@6786016]
2026-06-23T12:53:40.411+05:30  INFO 27128 --- [           main] o.s.b.a.h2.H2ConsoleAutoConfiguration    : H2 console available at '/h2-console'. Database available at 'jdbc:h2:mem:testdb'
2026-06-23T12:53:40.683+05:30  INFO 27128 --- [           main] c.s.SignatureAppApplicationTests         : Started SignatureAppApplicationTests in 15.589 seconds (process running for 17.074)
]]></system-out>
  </testcase>
</testsuite>